0 info it worked if it ends with ok
1 verbose cli [ '/usr/bin/nodejs', '/usr/bin/npm', 'install', '-g', 'openm' ]
2 info using npm@1.3.10
3 info using node@v0.10.25
4 verbose cache add [ 'openm', null ]
5 verbose cache add name=undefined spec="openm" args=["openm",null]
6 verbose parsed url { protocol: null,
6 verbose parsed url   slashes: null,
6 verbose parsed url   auth: null,
6 verbose parsed url   host: null,
6 verbose parsed url   port: null,
6 verbose parsed url   hostname: null,
6 verbose parsed url   hash: null,
6 verbose parsed url   search: null,
6 verbose parsed url   query: null,
6 verbose parsed url   pathname: 'openm',
6 verbose parsed url   path: 'openm',
6 verbose parsed url   href: 'openm' }
7 silly lockFile 716f3435-openm openm
8 verbose lock openm /home/mlh-user/.npm/716f3435-openm.lock
9 silly lockFile 716f3435-openm openm
10 silly lockFile 716f3435-openm openm
11 verbose addNamed [ 'openm', '' ]
12 verbose addNamed [ null, '*' ]
13 silly lockFile dcfed8fe-openm openm@
14 verbose lock openm@ /home/mlh-user/.npm/dcfed8fe-openm.lock
15 silly addNameRange { name: 'openm', range: '*', hasData: false }
16 verbose url raw openm
17 verbose url resolving [ 'https://registry.npmjs.org/', './openm' ]
18 verbose url resolved https://registry.npmjs.org/openm
19 info trying registry request attempt 1 at 17:24:57
20 http GET https://registry.npmjs.org/openm
21 http 200 https://registry.npmjs.org/openm
22 silly registry.get cb [ 200,
22 silly registry.get   { server: 'CouchDB/1.5.0 (Erlang OTP/R16B03)',
22 silly registry.get     etag: '"HYYI2HAK1HWTY36VS6516IKB"',
22 silly registry.get     'content-type': 'application/json',
22 silly registry.get     'cache-control': 'max-age=300',
22 silly registry.get     'content-length': '5762',
22 silly registry.get     'accept-ranges': 'bytes',
22 silly registry.get     date: 'Sat, 19 Mar 2016 21:25:01 GMT',
22 silly registry.get     via: '1.1 varnish',
22 silly registry.get     age: '0',
22 silly registry.get     connection: 'keep-alive',
22 silly registry.get     'x-served-by': 'cache-ord1729-ORD',
22 silly registry.get     'x-cache': 'MISS',
22 silly registry.get     'x-cache-hits': '0',
22 silly registry.get     'x-timer': 'S1458422701.168961,VS0,VE156',
22 silly registry.get     vary: 'Accept' } ]
23 silly addNameRange number 2 { name: 'openm', range: '*', hasData: true }
24 silly addNameRange versions [ 'openm', [ '1.0.0', '1.1.0' ] ]
25 verbose addNamed [ 'openm', '1.1.0' ]
26 verbose addNamed [ '1.1.0', '1.1.0' ]
27 silly lockFile 8e6d8056-openm-1-1-0 openm@1.1.0
28 verbose lock openm@1.1.0 /home/mlh-user/.npm/8e6d8056-openm-1-1-0.lock
29 silly lockFile 7dc1bc0a--npmjs-org-openm-openm-1-1-0-tgz https://registry.npmjs.org/openm/-/openm-1.1.0.tgz
30 verbose lock https://registry.npmjs.org/openm/-/openm-1.1.0.tgz /home/mlh-user/.npm/7dc1bc0a--npmjs-org-openm-openm-1-1-0-tgz.lock
31 verbose addRemoteTarball [ 'https://registry.npmjs.org/openm/-/openm-1.1.0.tgz',
31 verbose addRemoteTarball   '9c1fe18993efad2651290991628e034f3ac6367d' ]
32 info retry fetch attempt 1 at 17:24:58
33 verbose fetch to= /home/mlh-user/tmp/npm-4397-p68MFYN_/1458422698062-0.031685035675764084/tmp.tgz
34 http GET https://registry.npmjs.org/openm/-/openm-1.1.0.tgz
35 http 200 https://registry.npmjs.org/openm/-/openm-1.1.0.tgz
36 verbose tar unpack /home/mlh-user/tmp/npm-4397-p68MFYN_/1458422698062-0.031685035675764084/tmp.tgz
37 silly lockFile 091a6073-062-0-031685035675764084-package tar:///home/mlh-user/tmp/npm-4397-p68MFYN_/1458422698062-0.031685035675764084/package
38 verbose lock tar:///home/mlh-user/tmp/npm-4397-p68MFYN_/1458422698062-0.031685035675764084/package /home/mlh-user/.npm/091a6073-062-0-031685035675764084-package.lock
39 silly lockFile 59ea0877-062-0-031685035675764084-tmp-tgz tar:///home/mlh-user/tmp/npm-4397-p68MFYN_/1458422698062-0.031685035675764084/tmp.tgz
40 verbose lock tar:///home/mlh-user/tmp/npm-4397-p68MFYN_/1458422698062-0.031685035675764084/tmp.tgz /home/mlh-user/.npm/59ea0877-062-0-031685035675764084-tmp-tgz.lock
41 silly gunzTarPerm modes [ '755', '644' ]
42 silly gunzTarPerm extractEntry package.json
43 silly gunzTarPerm extractEntry cli.js
44 silly gunzTarPerm extractEntry index.js
45 silly gunzTarPerm extractEntry license
46 silly gunzTarPerm extractEntry readme.md
47 silly lockFile 091a6073-062-0-031685035675764084-package tar:///home/mlh-user/tmp/npm-4397-p68MFYN_/1458422698062-0.031685035675764084/package
48 silly lockFile 091a6073-062-0-031685035675764084-package tar:///home/mlh-user/tmp/npm-4397-p68MFYN_/1458422698062-0.031685035675764084/package
49 silly lockFile 59ea0877-062-0-031685035675764084-tmp-tgz tar:///home/mlh-user/tmp/npm-4397-p68MFYN_/1458422698062-0.031685035675764084/tmp.tgz
50 silly lockFile 59ea0877-062-0-031685035675764084-tmp-tgz tar:///home/mlh-user/tmp/npm-4397-p68MFYN_/1458422698062-0.031685035675764084/tmp.tgz
51 verbose tar pack [ '/home/mlh-user/.npm/openm/1.1.0/package.tgz',
51 verbose tar pack   '/home/mlh-user/tmp/npm-4397-p68MFYN_/1458422698062-0.031685035675764084/package' ]
52 verbose tarball /home/mlh-user/.npm/openm/1.1.0/package.tgz
53 verbose folder /home/mlh-user/tmp/npm-4397-p68MFYN_/1458422698062-0.031685035675764084/package
54 silly lockFile 091a6073-062-0-031685035675764084-package tar:///home/mlh-user/tmp/npm-4397-p68MFYN_/1458422698062-0.031685035675764084/package
55 verbose lock tar:///home/mlh-user/tmp/npm-4397-p68MFYN_/1458422698062-0.031685035675764084/package /home/mlh-user/.npm/091a6073-062-0-031685035675764084-package.lock
56 silly lockFile a97cea0b-user-npm-openm-1-1-0-package-tgz tar:///home/mlh-user/.npm/openm/1.1.0/package.tgz
57 verbose lock tar:///home/mlh-user/.npm/openm/1.1.0/package.tgz /home/mlh-user/.npm/a97cea0b-user-npm-openm-1-1-0-package-tgz.lock
58 silly lockFile 091a6073-062-0-031685035675764084-package tar:///home/mlh-user/tmp/npm-4397-p68MFYN_/1458422698062-0.031685035675764084/package
59 silly lockFile 091a6073-062-0-031685035675764084-package tar:///home/mlh-user/tmp/npm-4397-p68MFYN_/1458422698062-0.031685035675764084/package
60 silly lockFile a97cea0b-user-npm-openm-1-1-0-package-tgz tar:///home/mlh-user/.npm/openm/1.1.0/package.tgz
61 silly lockFile a97cea0b-user-npm-openm-1-1-0-package-tgz tar:///home/mlh-user/.npm/openm/1.1.0/package.tgz
62 silly lockFile 0153a179-mlh-user-npm-openm-1-1-0-package /home/mlh-user/.npm/openm/1.1.0/package
63 verbose lock /home/mlh-user/.npm/openm/1.1.0/package /home/mlh-user/.npm/0153a179-mlh-user-npm-openm-1-1-0-package.lock
64 silly lockFile 0153a179-mlh-user-npm-openm-1-1-0-package /home/mlh-user/.npm/openm/1.1.0/package
65 silly lockFile 0153a179-mlh-user-npm-openm-1-1-0-package /home/mlh-user/.npm/openm/1.1.0/package
66 verbose tar unpack /home/mlh-user/.npm/openm/1.1.0/package.tgz
67 silly lockFile 5f2e6440-mlh-user-npm-openm-1-1-0-package tar:///home/mlh-user/.npm/openm/1.1.0/package
68 verbose lock tar:///home/mlh-user/.npm/openm/1.1.0/package /home/mlh-user/.npm/5f2e6440-mlh-user-npm-openm-1-1-0-package.lock
69 silly lockFile a97cea0b-user-npm-openm-1-1-0-package-tgz tar:///home/mlh-user/.npm/openm/1.1.0/package.tgz
70 verbose lock tar:///home/mlh-user/.npm/openm/1.1.0/package.tgz /home/mlh-user/.npm/a97cea0b-user-npm-openm-1-1-0-package-tgz.lock
71 silly gunzTarPerm modes [ '755', '644' ]
72 silly gunzTarPerm extractEntry package.json
73 silly gunzTarPerm extractEntry cli.js
74 silly gunzTarPerm extractEntry index.js
75 silly gunzTarPerm extractEntry readme.md
76 silly lockFile 5f2e6440-mlh-user-npm-openm-1-1-0-package tar:///home/mlh-user/.npm/openm/1.1.0/package
77 silly lockFile 5f2e6440-mlh-user-npm-openm-1-1-0-package tar:///home/mlh-user/.npm/openm/1.1.0/package
78 silly lockFile a97cea0b-user-npm-openm-1-1-0-package-tgz tar:///home/mlh-user/.npm/openm/1.1.0/package.tgz
79 silly lockFile a97cea0b-user-npm-openm-1-1-0-package-tgz tar:///home/mlh-user/.npm/openm/1.1.0/package.tgz
80 verbose chmod /home/mlh-user/.npm/openm/1.1.0/package.tgz 644
81 verbose chown /home/mlh-user/.npm/openm/1.1.0/package.tgz [ 1001, 1001 ]
82 silly lockFile 7dc1bc0a--npmjs-org-openm-openm-1-1-0-tgz https://registry.npmjs.org/openm/-/openm-1.1.0.tgz
83 silly lockFile 7dc1bc0a--npmjs-org-openm-openm-1-1-0-tgz https://registry.npmjs.org/openm/-/openm-1.1.0.tgz
84 silly lockFile 8e6d8056-openm-1-1-0 openm@1.1.0
85 silly lockFile 8e6d8056-openm-1-1-0 openm@1.1.0
86 silly lockFile dcfed8fe-openm openm@
87 silly lockFile dcfed8fe-openm openm@
88 silly resolved [ { name: 'openm',
88 silly resolved     version: '1.1.0',
88 silly resolved     description: 'open npmjs module pages in your browser',
88 silly resolved     license: 'MIT',
88 silly resolved     homepage: 'https://github.com/dawsonbotsford/openm#readme',
88 silly resolved     repository:
88 silly resolved      { type: 'git',
88 silly resolved        url: 'git+https://github.com/dawsonbotsford/openm.git' },
88 silly resolved     author:
88 silly resolved      { name: 'Dawson Botsford',
88 silly resolved        email: 'DawsonBotsford@gmail.com',
88 silly resolved        url: 'dawsonbotsford.com' },
88 silly resolved     bugs: { url: 'https://github.com/dawsonbotsford/openm/issues' },
88 silly resolved     bin: { openm: 'cli.js' },
88 silly resolved     engines: { node: '>=0.12.0' },
88 silly resolved     scripts: { test: 'xo && npm run ava', ava: 'ava test/test-*.js' },
88 silly resolved     files: [ 'index.js', 'cli.js' ],
88 silly resolved     keywords:
88 silly resolved      [ 'opn',
88 silly resolved        'open',
88 silly resolved        'browser',
88 silly resolved        'util',
88 silly resolved        'utils',
88 silly resolved        'utilities',
88 silly resolved        'npmjs',
88 silly resolved        'efficiency',
88 silly resolved        'cli-app',
88 silly resolved        'cli',
88 silly resolved        'lean',
88 silly resolved        'minimal',
88 silly resolved        'documented',
88 silly resolved        'tested',
88 silly resolved        'licensed',
88 silly resolved        'ava',
88 silly resolved        'dawson' ],
88 silly resolved     dependencies:
88 silly resolved      { chalk: '^1.1.1',
88 silly resolved        meow: '^3.7.0',
88 silly resolved        'npm-name': '^2.1.0',
88 silly resolved        opn: '^4.0.1',
88 silly resolved        shelljs: '^0.6.0',
88 silly resolved        'update-notifier': '^0.6.1' },
88 silly resolved     devDependencies:
88 silly resolved      { ava: '^0.11.0',
88 silly resolved        'eslint-config-xo-space': '^0.8.0',
88 silly resolved        xo: '^0.12.1' },
88 silly resolved     xo: { space: true, eslintConfig: [Object] },
88 silly resolved     readme: '# openm\n[![npm version](https://img.shields.io/npm/v/openm.svg)](https://www.npmjs.com/package/openm)\n[![Build Status](https://travis-ci.org/dawsonbotsford/openm.svg?branch=master)](https://travis-ci.org/dawsonbotsford/openm)\n[![npm download count](http://img.shields.io/npm/dm/openm.svg?style=flat)](http://npmjs.org/openm)\n[![XO code style](https://img.shields.io/badge/code_style-XO-5ed9c7.svg)](https://github.com/sindresorhus/xo)\n\n> open npmjs module pages in your browser\n\n<br>\n\n![demo](demo.gif)\n\n<br>\n\n# CLI\n\n## Install\n```\n$ npm install -g openm\n```\n\n## Usage\n\n```\n$ openm\n//=> opens the npmjs module page for the current directory in browser\n\n$ openm chalk\n//=> opens the npmjs module page for chalk in browser\n\n$ openm inf sist openm\n//=> opens the npmjs module pages for inf, sist, and openm in browser\n```\n\n<br>\n\nMore help\n```\n$ openm --help\n\n  Usage  \n    $ openm\n    //=> opens the npmjs module page for the current directory in browser\n\n    $ openm [*<module name>]\n    //=> opens the npmjs module page for N-lengthed <module name> packages in browser\'\n\n  Examples  \n    $ openm express\n    //=> opens the npmjs module page for express in browser\n```\n\n<br>\n\n---\n# Package\n\n## Install\n```\nnpm install --save openm\n```\n\n<br>\n\n## Usage\n\n```js\nconst openm = require(\'openm\');\n\nopenm(\'express\');\n//=> \'https://www.npmjs.com/module/express\'\n```\n\n<br>\n\n## API\n\n### openm(target)\n\n##### target\n\nType: `string`\n\n#### returns\n\nType: `string`\n\n<br>\n\n## License\n\nMIT © [Dawson Botsford](http://dawsonbotsford.com)\n\n\n---\nIf you like this, star it. If you want to follow me, follow me.\n',
88 silly resolved     readmeFilename: 'readme.md',
88 silly resolved     _id: 'openm@1.1.0',
88 silly resolved     dist: { shasum: 'bf11a8ecc66f4080522b5ccf5456552464160dc4' },
88 silly resolved     _from: 'openm@',
88 silly resolved     _resolved: 'https://registry.npmjs.org/openm/-/openm-1.1.0.tgz' } ]
89 info install openm@1.1.0 into /usr/local/lib
90 info installOne openm@1.1.0
91 warn engine openm@1.1.0: wanted: {"node":">=0.12.0"} (current: {"node":"v0.10.25","npm":"1.3.10"})
92 info /usr/local/lib/node_modules/openm unbuild
93 verbose tar unpack /home/mlh-user/.npm/openm/1.1.0/package.tgz
94 silly lockFile a0b17aeb-usr-local-lib-node-modules-openm tar:///usr/local/lib/node_modules/openm
95 verbose lock tar:///usr/local/lib/node_modules/openm /home/mlh-user/.npm/a0b17aeb-usr-local-lib-node-modules-openm.lock
96 silly lockFile a97cea0b-user-npm-openm-1-1-0-package-tgz tar:///home/mlh-user/.npm/openm/1.1.0/package.tgz
97 verbose lock tar:///home/mlh-user/.npm/openm/1.1.0/package.tgz /home/mlh-user/.npm/a97cea0b-user-npm-openm-1-1-0-package-tgz.lock
98 silly gunzTarPerm modes [ '755', '644' ]
99 error Error: EACCES, mkdir '/usr/local/lib/node_modules'
99 error  { [Error: EACCES, mkdir '/usr/local/lib/node_modules']
99 error   errno: 3,
99 error   code: 'EACCES',
99 error   path: '/usr/local/lib/node_modules',
99 error   fstream_type: 'Directory',
99 error   fstream_path: '/usr/local/lib/node_modules/openm',
99 error   fstream_class: 'DirWriter',
99 error   fstream_stack:
99 error    [ '/usr/lib/nodejs/fstream/lib/writer.js:171:23',
99 error      '/usr/lib/nodejs/mkdirp/index.js:37:53',
99 error      'Object.oncomplete (fs.js:107:15)' ] }
100 error Please try running this command again as root/Administrator.
101 error System Linux 3.13.0-37-generic
102 error command "/usr/bin/nodejs" "/usr/bin/npm" "install" "-g" "openm"
103 error cwd /home/mlh-user/garbage
104 error node -v v0.10.25
105 error npm -v 1.3.10
106 error path /usr/local/lib/node_modules
107 error fstream_path /usr/local/lib/node_modules/openm
108 error fstream_type Directory
109 error fstream_class DirWriter
110 error code EACCES
111 error errno 3
112 error stack Error: EACCES, mkdir '/usr/local/lib/node_modules'
113 error fstream_stack /usr/lib/nodejs/fstream/lib/writer.js:171:23
113 error fstream_stack /usr/lib/nodejs/mkdirp/index.js:37:53
113 error fstream_stack Object.oncomplete (fs.js:107:15)
114 verbose exit [ 3, true ]
